<?xml version="1.0" encoding="UTF-8"?>
<!-- Generated by org.testng.reporters.JUnitXMLReporter -->
<testsuite ignored="0" hostname="DESKTOP-OFIDLPQ" failures="0" tests="26" name="smoke" time="268.701" errors="0" timestamp="2022-07-18T16:24:18 IST">
  <testcase classname="mykademy.tests.MykademyTestSuite" name="verifySignUpPage" time="5.211"/>
  <testcase classname="mykademy.tests.MykademyTestSuite" name="verifyLoginCheck" time="3.581"/>
  <testcase classname="mykademy.tests.MykademyTestSuite" name="moveToLearnerModule" time="2.807"/>
  <testcase classname="mykademy.tests.MykademyTestSuite" name="verifyLearnerAdd" time="1.753"/>
  <testcase classname="mykademy.tests.MykademyTestSuite" name="verifyLearnerAdd" time="1.505"/>
  <testcase classname="mykademy.tests.MykademyTestSuite" name="OtherLearnerModuleOperations" time="21.421"/>
  <testcase classname="mykademy.tests.MykademyTestSuite" name="roleManagementModule" time="18.756"/>
  <testcase classname="mykademy.tests.MykademyTestSuite" name="courseCreationModuleFirstSteps" time="11.349"/>
  <testcase classname="mykademy.tests.MykademyTestSuite" name="courseCreationModuleOperations" time="8.833"/>
  <testcase classname="mykademy.tests.MykademyTestSuite" name="courseCreationModuleOperations" time="9.008"/>
  <testcase classname="mykademy.tests.MykademyTestSuite" name="courseCreationModuleOperations" time="8.245"/>
  <testcase classname="mykademy.tests.MykademyTestSuite" name="courseCreationModuleOperations" time="8.016"/>
  <testcase classname="mykademy.tests.MykademyTestSuite" name="courseCreationModuleOperations" time="8.183"/>
  <testcase classname="mykademy.tests.MykademyTestSuite" name="courseCreationModuleOperations" time="7.38"/>
  <testcase classname="mykademy.tests.MykademyTestSuite" name="courseCreationModuleOperations" time="16.075"/>
  <testcase classname="mykademy.tests.MykademyTestSuite" name="LiveClassCreationOperations" time="9.838"/>
  <testcase classname="mykademy.tests.MykademyTestSuite" name="AssessmentCreationOperations" time="37.361"/>
  <testcase classname="mykademy.tests.MykademyTestSuite" name="AssignmentCreationOperations" time="9.849"/>
  <testcase classname="mykademy.tests.MykademyTestSuite" name="HTMLCreationOperations" time="6.255"/>
  <testcase classname="mykademy.tests.MykademyTestSuite" name="ScormCreationOperations" time="23.632"/>
  <testcase classname="mykademy.tests.MykademyTestSuite" name="YouTubeCreationOperations" time="4.851"/>
  <testcase classname="mykademy.tests.MykademyTestSuite" name="SurveyCreationOperations" time="9.971"/>
  <testcase classname="mykademy.tests.MykademyTestSuite" name="SurveyCreationOperations" time="10.133"/>
  <testcase classname="mykademy.tests.MykademyTestSuite" name="CourseSettingsOperations" time="13.383"/>
  <testcase classname="mykademy.tests.MykademyTestSuite" name="ActivateCourseOperations" time="5.261"/>
  <testcase classname="mykademy.tests.MykademyTestSuite" name="DeleteCourseOperations" time="1.974"/>
</testsuite> <!-- smoke -->
